debug: Mon, 19 Aug 2024 21:01:22 GMT
debug: Project: C:\Users\maide\OneDrive\Documents\GitHub\match3-v100
debug: Targets: editor,preview
debug: Incremental file seems great.
debug: Engine path: C:\ProgramData\cocos\editors\Creator\3.6.0\resources\resources\3d\engine
debug: Initializing target [Editor]
debug: Loading cache
debug: Loading cache costs 16.65030002593994ms.
debug: Engine features shipped in editor: base,gfx-webgl,gfx-webgl2,3d,animation,skeletal-animation,2d,ui,particle,particle-2d,physics-framework,physics-2d-framework,intersection-2d,primitive,profiler,occlusion-query,geometry-renderer,debug-renderer,audio,video,terrain,webview,tween,tiled-map,spine,dragon-bones,marionette,custom-pipeline
debug: Our import map(foo:/bar): {
  "imports": {
    "cc": "cce:/internal/x/cc"
  }
}
debug: Initializing target [Preview]
debug: Loading cache
debug: Loading cache costs 3.1980000138282776ms.
debug: Our import map(foo:/bar): {
  "imports": {
    "cc": "cce:/internal/x/cc"
  }
}
debug: Sync engine features: 2d,animation,audio,base,dragon-bones,gfx-webgl,gfx-webgl2,intersection-2d,marionette,particle-2d,physics-2d-box2d,profiler,skeletal-animation,spine,tiled-map,tween,ui,video,webview
debug: Reset databases. Enumerated domains: [
  {
    "root": "db://internal/",
    "physical": "C:\\ProgramData\\cocos\\editors\\Creator\\3.6.0\\resources\\resources\\3d\\engine\\editor\\assets"
  },
  {
    "root": "db://assets/",
    "physical": "C:\\Users\\maide\\OneDrive\\Documents\\GitHub\\match3-v100\\assets"
  }
]
debug: Our import map(foo:/bar): {
  "imports": {
    "cc": "cce:/internal/x/cc",
    "db://internal/": "file:///C:/ProgramData/cocos/editors/Creator/3.6.0/resources/resources/3d/engine/editor/assets/",
    "db://assets/": "file:///C:/Users/maide/OneDrive/Documents/GitHub/match3-v100/assets/"
  }
}
debug: Our import map(foo:/bar): {
  "imports": {
    "cc": "cce:/internal/x/cc",
    "db://internal/": "file:///C:/ProgramData/cocos/editors/Creator/3.6.0/resources/resources/3d/engine/editor/assets/",
    "db://assets/": "file:///C:/Users/maide/OneDrive/Documents/GitHub/match3-v100/assets/"
  }
}
debug: Pulling asset-db.
debug: Fetch asset-db cost: 7.360099971294403ms.
debug: Build iteration starts.
Number of accumulated asset changes: 15
Feature changed: false
debug: Target(editor) build started.
debug: Detected change: cce:/internal/x/cc. Last mtime: Thu Jan 01 1970 02:00:06 GMT+0200 (GMT+03:00), Current mtime: Thu Jan 01 1970 02:00:07 GMT+0200 (GMT+03:00)
debug: Inspect cce:/internal/x/cc
debug: Resolve cce:/internal/x/cc-fu/base from cce:/internal/x/cc as external dependency cce:/internal/x/cc-fu/base.
debug: Resolve cce:/internal/x/cc-fu/gfx-webgl from cce:/internal/x/cc as external dependency cce:/internal/x/cc-fu/gfx-webgl.
debug: Resolve cce:/internal/x/cc-fu/gfx-webgl2 from cce:/internal/x/cc as external dependency cce:/internal/x/cc-fu/gfx-webgl2.
debug: Resolve cce:/internal/x/cc-fu/3d from cce:/internal/x/cc as external dependency cce:/internal/x/cc-fu/3d.
debug: Resolve cce:/internal/x/cc-fu/animation from cce:/internal/x/cc as external dependency cce:/internal/x/cc-fu/animation.
debug: Resolve cce:/internal/x/cc-fu/skeletal-animation from cce:/internal/x/cc as external dependency cce:/internal/x/cc-fu/skeletal-animation.
debug: Resolve cce:/internal/x/cc-fu/2d from cce:/internal/x/cc as external dependency cce:/internal/x/cc-fu/2d.
debug: Resolve cce:/internal/x/cc-fu/ui from cce:/internal/x/cc as external dependency cce:/internal/x/cc-fu/ui.
debug: Resolve cce:/internal/x/cc-fu/particle from cce:/internal/x/cc as external dependency cce:/internal/x/cc-fu/particle.
debug: Resolve cce:/internal/x/cc-fu/particle-2d from cce:/internal/x/cc as external dependency cce:/internal/x/cc-fu/particle-2d.
debug: Resolve cce:/internal/x/cc-fu/physics-framework from cce:/internal/x/cc as external dependency cce:/internal/x/cc-fu/physics-framework.
debug: Resolve cce:/internal/x/cc-fu/physics-2d-framework from cce:/internal/x/cc as external dependency cce:/internal/x/cc-fu/physics-2d-framework.
debug: Resolve cce:/internal/x/cc-fu/intersection-2d from cce:/internal/x/cc as external dependency cce:/internal/x/cc-fu/intersection-2d.
debug: Resolve cce:/internal/x/cc-fu/primitive from cce:/internal/x/cc as external dependency cce:/internal/x/cc-fu/primitive.
debug: Resolve cce:/internal/x/cc-fu/profiler from cce:/internal/x/cc as external dependency cce:/internal/x/cc-fu/profiler.
debug: Resolve cce:/internal/x/cc-fu/geometry-renderer from cce:/internal/x/cc as external dependency cce:/internal/x/cc-fu/geometry-renderer.
debug: Resolve cce:/internal/x/cc-fu/audio from cce:/internal/x/cc as external dependency cce:/internal/x/cc-fu/audio.
debug: Resolve cce:/internal/x/cc-fu/video from cce:/internal/x/cc as external dependency cce:/internal/x/cc-fu/video.
debug: Resolve cce:/internal/x/cc-fu/terrain from cce:/internal/x/cc as external dependency cce:/internal/x/cc-fu/terrain.
debug: Resolve cce:/internal/x/cc-fu/webview from cce:/internal/x/cc as external dependency cce:/internal/x/cc-fu/webview.
debug: Resolve cce:/internal/x/cc-fu/tween from cce:/internal/x/cc as external dependency cce:/internal/x/cc-fu/tween.
debug: Resolve cce:/internal/x/cc-fu/tiled-map from cce:/internal/x/cc as external dependency cce:/internal/x/cc-fu/tiled-map.
debug: Resolve cce:/internal/x/cc-fu/spine from cce:/internal/x/cc as external dependency cce:/internal/x/cc-fu/spine.
debug: Resolve cce:/internal/x/cc-fu/dragon-bones from cce:/internal/x/cc as external dependency cce:/internal/x/cc-fu/dragon-bones.
debug: Resolve cce:/internal/x/cc-fu/custom-pipeline from cce:/internal/x/cc as external dependency cce:/internal/x/cc-fu/custom-pipeline.
debug: Detected change: cce:/internal/x/prerequisite-imports. Last mtime: Thu Jan 01 1970 02:00:07 GMT+0200 (GMT+03:00), Current mtime: Thu Jan 01 1970 02:00:07 GMT+0200 (GMT+03:00)
debug: Inspect cce:/internal/x/prerequisite-imports
debug: Resolve file:///C:/Users/maide/OneDrive/Documents/GitHub/match3-v100/assets/Scripts/Effects/EffectManager.ts from cce:/internal/x/prerequisite-imports as file:///C:/Users/maide/OneDrive/Documents/GitHub/match3-v100/assets/Scripts/Effects/EffectManager.ts.
debug: Inspect file:///C:/Users/maide/OneDrive/Documents/GitHub/match3-v100/assets/Scripts/Effects/EffectManager.ts
debug: Resolve cce:/internal/code-quality/cr.mjs from file:///C:/Users/maide/OneDrive/Documents/GitHub/match3-v100/assets/Scripts/Effects/EffectManager.ts as cce:/internal/code-quality/cr.mjs.
debug: Detected change: cce:/internal/code-quality/cr.mjs. Last mtime: Mon Aug 19 2024 23:58:38 GMT+0300 (GMT+03:00), Current mtime: Tue Aug 20 2024 00:01:15 GMT+0300 (GMT+03:00)
debug: Inspect cce:/internal/code-quality/cr.mjs
debug: Resolve cc from file:///C:/Users/maide/OneDrive/Documents/GitHub/match3-v100/assets/Scripts/Effects/EffectManager.ts as cce:/internal/x/cc.
debug: Resolve cc from file:///C:/Users/maide/OneDrive/Documents/GitHub/match3-v100/assets/Scripts/Effects/EffectManager.ts as cce:/internal/x/cc.
debug: Resolve cc from file:///C:/Users/maide/OneDrive/Documents/GitHub/match3-v100/assets/Scripts/Effects/EffectManager.ts as cce:/internal/x/cc.
debug: Resolve ../Promises from file:///C:/Users/maide/OneDrive/Documents/GitHub/match3-v100/assets/Scripts/Effects/EffectManager.ts as file:///C:/Users/maide/OneDrive/Documents/GitHub/match3-v100/assets/Scripts/Promises.ts.
debug: Inspect file:///C:/Users/maide/OneDrive/Documents/GitHub/match3-v100/assets/Scripts/Promises.ts
debug: Resolve cc from file:///C:/Users/maide/OneDrive/Documents/GitHub/match3-v100/assets/Scripts/Promises.ts as cce:/internal/x/cc.
debug: Resolve file:///C:/Users/maide/OneDrive/Documents/GitHub/match3-v100/assets/Scripts/GameGlobal.ts from cce:/internal/x/prerequisite-imports as file:///C:/Users/maide/OneDrive/Documents/GitHub/match3-v100/assets/Scripts/GameGlobal.ts.
debug: Inspect file:///C:/Users/maide/OneDrive/Documents/GitHub/match3-v100/assets/Scripts/GameGlobal.ts
debug: Resolve cc from file:///C:/Users/maide/OneDrive/Documents/GitHub/match3-v100/assets/Scripts/GameGlobal.ts as cce:/internal/x/cc.
debug: Resolve cc from file:///C:/Users/maide/OneDrive/Documents/GitHub/match3-v100/assets/Scripts/GameGlobal.ts as cce:/internal/x/cc.
debug: Resolve cc from file:///C:/Users/maide/OneDrive/Documents/GitHub/match3-v100/assets/Scripts/GameGlobal.ts as cce:/internal/x/cc.
debug: Resolve file:///C:/Users/maide/OneDrive/Documents/GitHub/match3-v100/assets/Scripts/GameManager.ts from cce:/internal/x/prerequisite-imports as file:///C:/Users/maide/OneDrive/Documents/GitHub/match3-v100/assets/Scripts/GameManager.ts.
debug: Inspect file:///C:/Users/maide/OneDrive/Documents/GitHub/match3-v100/assets/Scripts/GameManager.ts
debug: Resolve cc from file:///C:/Users/maide/OneDrive/Documents/GitHub/match3-v100/assets/Scripts/GameManager.ts as cce:/internal/x/cc.
debug: Resolve cc from file:///C:/Users/maide/OneDrive/Documents/GitHub/match3-v100/assets/Scripts/GameManager.ts as cce:/internal/x/cc.
debug: Resolve cc from file:///C:/Users/maide/OneDrive/Documents/GitHub/match3-v100/assets/Scripts/GameManager.ts as cce:/internal/x/cc.
debug: Resolve file:///C:/Users/maide/OneDrive/Documents/GitHub/match3-v100/assets/Scripts/Grid/GridGenerator.ts from cce:/internal/x/prerequisite-imports as file:///C:/Users/maide/OneDrive/Documents/GitHub/match3-v100/assets/Scripts/Grid/GridGenerator.ts.
debug: Inspect file:///C:/Users/maide/OneDrive/Documents/GitHub/match3-v100/assets/Scripts/Grid/GridGenerator.ts
debug: Resolve cce:/internal/code-quality/cr.mjs from file:///C:/Users/maide/OneDrive/Documents/GitHub/match3-v100/assets/Scripts/Grid/GridGenerator.ts as cce:/internal/code-quality/cr.mjs.
debug: Resolve cc from file:///C:/Users/maide/OneDrive/Documents/GitHub/match3-v100/assets/Scripts/Grid/GridGenerator.ts as cce:/internal/x/cc.
debug: Resolve cc from file:///C:/Users/maide/OneDrive/Documents/GitHub/match3-v100/assets/Scripts/Grid/GridGenerator.ts as cce:/internal/x/cc.
debug: Resolve cc from file:///C:/Users/maide/OneDrive/Documents/GitHub/match3-v100/assets/Scripts/Grid/GridGenerator.ts as cce:/internal/x/cc.
debug: Resolve ../Poolable/PiecesPool from file:///C:/Users/maide/OneDrive/Documents/GitHub/match3-v100/assets/Scripts/Grid/GridGenerator.ts as file:///C:/Users/maide/OneDrive/Documents/GitHub/match3-v100/assets/Scripts/Poolable/PiecesPool.ts.
debug: Inspect file:///C:/Users/maide/OneDrive/Documents/GitHub/match3-v100/assets/Scripts/Poolable/PiecesPool.ts
debug: Resolve cce:/internal/code-quality/cr.mjs from file:///C:/Users/maide/OneDrive/Documents/GitHub/match3-v100/assets/Scripts/Poolable/PiecesPool.ts as cce:/internal/code-quality/cr.mjs.
debug: Resolve cc from file:///C:/Users/maide/OneDrive/Documents/GitHub/match3-v100/assets/Scripts/Poolable/PiecesPool.ts as cce:/internal/x/cc.
debug: Resolve cc from file:///C:/Users/maide/OneDrive/Documents/GitHub/match3-v100/assets/Scripts/Poolable/PiecesPool.ts as cce:/internal/x/cc.
debug: Resolve cc from file:///C:/Users/maide/OneDrive/Documents/GitHub/match3-v100/assets/Scripts/Poolable/PiecesPool.ts as cce:/internal/x/cc.
debug: Resolve ../../SooLib/Optimization/Poolable from file:///C:/Users/maide/OneDrive/Documents/GitHub/match3-v100/assets/Scripts/Poolable/PiecesPool.ts as file:///C:/Users/maide/OneDrive/Documents/GitHub/match3-v100/assets/SooLib/Optimization/Poolable.ts.
debug: Inspect file:///C:/Users/maide/OneDrive/Documents/GitHub/match3-v100/assets/SooLib/Optimization/Poolable.ts
debug: Resolve cce:/internal/code-quality/cr.mjs from file:///C:/Users/maide/OneDrive/Documents/GitHub/match3-v100/assets/SooLib/Optimization/Poolable.ts as cce:/internal/code-quality/cr.mjs.
debug: Resolve cc from file:///C:/Users/maide/OneDrive/Documents/GitHub/match3-v100/assets/SooLib/Optimization/Poolable.ts as cce:/internal/x/cc.
debug: Resolve cc from file:///C:/Users/maide/OneDrive/Documents/GitHub/match3-v100/assets/SooLib/Optimization/Poolable.ts as cce:/internal/x/cc.
debug: Resolve cc from file:///C:/Users/maide/OneDrive/Documents/GitHub/match3-v100/assets/SooLib/Optimization/Poolable.ts as cce:/internal/x/cc.
debug: Resolve ./ObjectPooling from file:///C:/Users/maide/OneDrive/Documents/GitHub/match3-v100/assets/SooLib/Optimization/Poolable.ts as file:///C:/Users/maide/OneDrive/Documents/GitHub/match3-v100/assets/SooLib/Optimization/ObjectPooling.ts.
debug: Inspect file:///C:/Users/maide/OneDrive/Documents/GitHub/match3-v100/assets/SooLib/Optimization/ObjectPooling.ts
debug: Resolve cc from file:///C:/Users/maide/OneDrive/Documents/GitHub/match3-v100/assets/SooLib/Optimization/ObjectPooling.ts as cce:/internal/x/cc.
debug: Resolve cc from file:///C:/Users/maide/OneDrive/Documents/GitHub/match3-v100/assets/SooLib/Optimization/ObjectPooling.ts as cce:/internal/x/cc.
debug: Resolve ../PoolHelper from file:///C:/Users/maide/OneDrive/Documents/GitHub/match3-v100/assets/Scripts/Poolable/PiecesPool.ts as file:///C:/Users/maide/OneDrive/Documents/GitHub/match3-v100/assets/Scripts/PoolHelper.ts.
debug: Inspect file:///C:/Users/maide/OneDrive/Documents/GitHub/match3-v100/assets/Scripts/PoolHelper.ts
debug: Resolve cce:/internal/code-quality/cr.mjs from file:///C:/Users/maide/OneDrive/Documents/GitHub/match3-v100/assets/Scripts/PoolHelper.ts as cce:/internal/code-quality/cr.mjs.
debug: Resolve cc from file:///C:/Users/maide/OneDrive/Documents/GitHub/match3-v100/assets/Scripts/PoolHelper.ts as cce:/internal/x/cc.
debug: Resolve cc from file:///C:/Users/maide/OneDrive/Documents/GitHub/match3-v100/assets/Scripts/PoolHelper.ts as cce:/internal/x/cc.
debug: Resolve ../Effects/EffectManager from file:///C:/Users/maide/OneDrive/Documents/GitHub/match3-v100/assets/Scripts/Grid/GridGenerator.ts as file:///C:/Users/maide/OneDrive/Documents/GitHub/match3-v100/assets/Scripts/Effects/EffectManager.ts.
debug: Resolve ../Interaction/InteractionManager from file:///C:/Users/maide/OneDrive/Documents/GitHub/match3-v100/assets/Scripts/Grid/GridGenerator.ts as file:///C:/Users/maide/OneDrive/Documents/GitHub/match3-v100/assets/Scripts/Interaction/InteractionManager.ts.
debug: Inspect file:///C:/Users/maide/OneDrive/Documents/GitHub/match3-v100/assets/Scripts/Interaction/InteractionManager.ts
debug: Resolve cce:/internal/code-quality/cr.mjs from file:///C:/Users/maide/OneDrive/Documents/GitHub/match3-v100/assets/Scripts/Interaction/InteractionManager.ts as cce:/internal/code-quality/cr.mjs.
debug: Resolve cc from file:///C:/Users/maide/OneDrive/Documents/GitHub/match3-v100/assets/Scripts/Interaction/InteractionManager.ts as cce:/internal/x/cc.
debug: Resolve cc from file:///C:/Users/maide/OneDrive/Documents/GitHub/match3-v100/assets/Scripts/Interaction/InteractionManager.ts as cce:/internal/x/cc.
debug: Resolve cc from file:///C:/Users/maide/OneDrive/Documents/GitHub/match3-v100/assets/Scripts/Interaction/InteractionManager.ts as cce:/internal/x/cc.
debug: Resolve ../Grid/MatchChecker from file:///C:/Users/maide/OneDrive/Documents/GitHub/match3-v100/assets/Scripts/Interaction/InteractionManager.ts as file:///C:/Users/maide/OneDrive/Documents/GitHub/match3-v100/assets/Scripts/Grid/MatchChecker.ts.
debug: Inspect file:///C:/Users/maide/OneDrive/Documents/GitHub/match3-v100/assets/Scripts/Grid/MatchChecker.ts
debug: Resolve cce:/internal/code-quality/cr.mjs from file:///C:/Users/maide/OneDrive/Documents/GitHub/match3-v100/assets/Scripts/Grid/MatchChecker.ts as cce:/internal/code-quality/cr.mjs.
debug: Resolve cc from file:///C:/Users/maide/OneDrive/Documents/GitHub/match3-v100/assets/Scripts/Grid/MatchChecker.ts as cce:/internal/x/cc.
debug: Resolve cc from file:///C:/Users/maide/OneDrive/Documents/GitHub/match3-v100/assets/Scripts/Grid/MatchChecker.ts as cce:/internal/x/cc.
debug: Resolve cc from file:///C:/Users/maide/OneDrive/Documents/GitHub/match3-v100/assets/Scripts/Grid/MatchChecker.ts as cce:/internal/x/cc.
debug: Resolve ../Effects/EffectManager from file:///C:/Users/maide/OneDrive/Documents/GitHub/match3-v100/assets/Scripts/Grid/MatchChecker.ts as file:///C:/Users/maide/OneDrive/Documents/GitHub/match3-v100/assets/Scripts/Effects/EffectManager.ts.
debug: Resolve ../PoolHelper from file:///C:/Users/maide/OneDrive/Documents/GitHub/match3-v100/assets/Scripts/Grid/MatchChecker.ts as file:///C:/Users/maide/OneDrive/Documents/GitHub/match3-v100/assets/Scripts/PoolHelper.ts.
debug: Resolve ../Poolable/PiecesPool from file:///C:/Users/maide/OneDrive/Documents/GitHub/match3-v100/assets/Scripts/Grid/MatchChecker.ts as file:///C:/Users/maide/OneDrive/Documents/GitHub/match3-v100/assets/Scripts/Poolable/PiecesPool.ts.
debug: Resolve ../Effects/EffectManager from file:///C:/Users/maide/OneDrive/Documents/GitHub/match3-v100/assets/Scripts/Interaction/InteractionManager.ts as file:///C:/Users/maide/OneDrive/Documents/GitHub/match3-v100/assets/Scripts/Effects/EffectManager.ts.
debug: Resolve file:///C:/Users/maide/OneDrive/Documents/GitHub/match3-v100/assets/Scripts/Grid/MatchChecker.ts from cce:/internal/x/prerequisite-imports as file:///C:/Users/maide/OneDrive/Documents/GitHub/match3-v100/assets/Scripts/Grid/MatchChecker.ts.
debug: Resolve file:///C:/Users/maide/OneDrive/Documents/GitHub/match3-v100/assets/Scripts/InGameAssets.ts from cce:/internal/x/prerequisite-imports as file:///C:/Users/maide/OneDrive/Documents/GitHub/match3-v100/assets/Scripts/InGameAssets.ts.
debug: Inspect file:///C:/Users/maide/OneDrive/Documents/GitHub/match3-v100/assets/Scripts/InGameAssets.ts
debug: Resolve cc from file:///C:/Users/maide/OneDrive/Documents/GitHub/match3-v100/assets/Scripts/InGameAssets.ts as cce:/internal/x/cc.
debug: Resolve cc from file:///C:/Users/maide/OneDrive/Documents/GitHub/match3-v100/assets/Scripts/InGameAssets.ts as cce:/internal/x/cc.
debug: Resolve cc from file:///C:/Users/maide/OneDrive/Documents/GitHub/match3-v100/assets/Scripts/InGameAssets.ts as cce:/internal/x/cc.
debug: Resolve file:///C:/Users/maide/OneDrive/Documents/GitHub/match3-v100/assets/Scripts/Interaction/InteractionManager.ts from cce:/internal/x/prerequisite-imports as file:///C:/Users/maide/OneDrive/Documents/GitHub/match3-v100/assets/Scripts/Interaction/InteractionManager.ts.
debug: Resolve file:///C:/Users/maide/OneDrive/Documents/GitHub/match3-v100/assets/Scripts/Levels/EasyLevels.ts from cce:/internal/x/prerequisite-imports as file:///C:/Users/maide/OneDrive/Documents/GitHub/match3-v100/assets/Scripts/Levels/EasyLevels.ts.
debug: Inspect file:///C:/Users/maide/OneDrive/Documents/GitHub/match3-v100/assets/Scripts/Levels/EasyLevels.ts
debug: Resolve cce:/internal/code-quality/cr.mjs from file:///C:/Users/maide/OneDrive/Documents/GitHub/match3-v100/assets/Scripts/Levels/EasyLevels.ts as cce:/internal/code-quality/cr.mjs.
debug: Resolve cc from file:///C:/Users/maide/OneDrive/Documents/GitHub/match3-v100/assets/Scripts/Levels/EasyLevels.ts as cce:/internal/x/cc.
debug: Resolve cc from file:///C:/Users/maide/OneDrive/Documents/GitHub/match3-v100/assets/Scripts/Levels/EasyLevels.ts as cce:/internal/x/cc.
debug: Resolve cc from file:///C:/Users/maide/OneDrive/Documents/GitHub/match3-v100/assets/Scripts/Levels/EasyLevels.ts as cce:/internal/x/cc.
debug: Resolve file:///C:/Users/maide/OneDrive/Documents/GitHub/match3-v100/assets/Scripts/Levels/LevelData.ts from cce:/internal/x/prerequisite-imports as file:///C:/Users/maide/OneDrive/Documents/GitHub/match3-v100/assets/Scripts/Levels/LevelData.ts.
debug: Inspect file:///C:/Users/maide/OneDrive/Documents/GitHub/match3-v100/assets/Scripts/Levels/LevelData.ts
debug: Resolve cc from file:///C:/Users/maide/OneDrive/Documents/GitHub/match3-v100/assets/Scripts/Levels/LevelData.ts as cce:/internal/x/cc.
debug: Resolve file:///C:/Users/maide/OneDrive/Documents/GitHub/match3-v100/assets/Scripts/PoolHelper.ts from cce:/internal/x/prerequisite-imports as file:///C:/Users/maide/OneDrive/Documents/GitHub/match3-v100/assets/Scripts/PoolHelper.ts.
debug: Resolve file:///C:/Users/maide/OneDrive/Documents/GitHub/match3-v100/assets/Scripts/Poolable/CandyPool.ts from cce:/internal/x/prerequisite-imports as file:///C:/Users/maide/OneDrive/Documents/GitHub/match3-v100/assets/Scripts/Poolable/CandyPool.ts.
debug: Inspect file:///C:/Users/maide/OneDrive/Documents/GitHub/match3-v100/assets/Scripts/Poolable/CandyPool.ts
debug: Resolve cce:/internal/code-quality/cr.mjs from file:///C:/Users/maide/OneDrive/Documents/GitHub/match3-v100/assets/Scripts/Poolable/CandyPool.ts as cce:/internal/code-quality/cr.mjs.
debug: Resolve cc from file:///C:/Users/maide/OneDrive/Documents/GitHub/match3-v100/assets/Scripts/Poolable/CandyPool.ts as cce:/internal/x/cc.
debug: Resolve cc from file:///C:/Users/maide/OneDrive/Documents/GitHub/match3-v100/assets/Scripts/Poolable/CandyPool.ts as cce:/internal/x/cc.
debug: Resolve cc from file:///C:/Users/maide/OneDrive/Documents/GitHub/match3-v100/assets/Scripts/Poolable/CandyPool.ts as cce:/internal/x/cc.
debug: Resolve ../../SooLib/Optimization/Poolable from file:///C:/Users/maide/OneDrive/Documents/GitHub/match3-v100/assets/Scripts/Poolable/CandyPool.ts as file:///C:/Users/maide/OneDrive/Documents/GitHub/match3-v100/assets/SooLib/Optimization/Poolable.ts.
debug: Resolve file:///C:/Users/maide/OneDrive/Documents/GitHub/match3-v100/assets/Scripts/Poolable/PiecesPool.ts from cce:/internal/x/prerequisite-imports as file:///C:/Users/maide/OneDrive/Documents/GitHub/match3-v100/assets/Scripts/Poolable/PiecesPool.ts.
debug: Resolve file:///C:/Users/maide/OneDrive/Documents/GitHub/match3-v100/assets/Scripts/Promises.ts from cce:/internal/x/prerequisite-imports as file:///C:/Users/maide/OneDrive/Documents/GitHub/match3-v100/assets/Scripts/Promises.ts.
debug: Resolve file:///C:/Users/maide/OneDrive/Documents/GitHub/match3-v100/assets/SooLib/Optimization/ObjectPooling.ts from cce:/internal/x/prerequisite-imports as file:///C:/Users/maide/OneDrive/Documents/GitHub/match3-v100/assets/SooLib/Optimization/ObjectPooling.ts.
debug: Resolve file:///C:/Users/maide/OneDrive/Documents/GitHub/match3-v100/assets/SooLib/Optimization/Poolable.ts from cce:/internal/x/prerequisite-imports as file:///C:/Users/maide/OneDrive/Documents/GitHub/match3-v100/assets/SooLib/Optimization/Poolable.ts.
debug: Target(editor) ends with cost 945.6631000041962ms.
debug: Target(preview) build started.
debug: Detected change: cce:/internal/x/cc. Last mtime: Thu Jan 01 1970 02:00:06 GMT+0200 (GMT+03:00), Current mtime: Thu Jan 01 1970 02:00:07 GMT+0200 (GMT+03:00)
debug: Inspect cce:/internal/x/cc
debug: Resolve cce:/internal/x/cc-fu/2d from cce:/internal/x/cc as external dependency cce:/internal/x/cc-fu/2d.
debug: Resolve cce:/internal/x/cc-fu/animation from cce:/internal/x/cc as external dependency cce:/internal/x/cc-fu/animation.
debug: Resolve cce:/internal/x/cc-fu/audio from cce:/internal/x/cc as external dependency cce:/internal/x/cc-fu/audio.
debug: Resolve cce:/internal/x/cc-fu/base from cce:/internal/x/cc as external dependency cce:/internal/x/cc-fu/base.
debug: Resolve cce:/internal/x/cc-fu/dragon-bones from cce:/internal/x/cc as external dependency cce:/internal/x/cc-fu/dragon-bones.
debug: Resolve cce:/internal/x/cc-fu/gfx-webgl from cce:/internal/x/cc as external dependency cce:/internal/x/cc-fu/gfx-webgl.
debug: Resolve cce:/internal/x/cc-fu/gfx-webgl2 from cce:/internal/x/cc as external dependency cce:/internal/x/cc-fu/gfx-webgl2.
debug: Resolve cce:/internal/x/cc-fu/intersection-2d from cce:/internal/x/cc as external dependency cce:/internal/x/cc-fu/intersection-2d.
debug: Resolve cce:/internal/x/cc-fu/particle-2d from cce:/internal/x/cc as external dependency cce:/internal/x/cc-fu/particle-2d.
debug: Resolve cce:/internal/x/cc-fu/physics-2d-box2d from cce:/internal/x/cc as external dependency cce:/internal/x/cc-fu/physics-2d-box2d.
debug: Resolve cce:/internal/x/cc-fu/physics-2d-framework from cce:/internal/x/cc as external dependency cce:/internal/x/cc-fu/physics-2d-framework.
debug: Resolve cce:/internal/x/cc-fu/profiler from cce:/internal/x/cc as external dependency cce:/internal/x/cc-fu/profiler.
debug: Resolve cce:/internal/x/cc-fu/skeletal-animation from cce:/internal/x/cc as external dependency cce:/internal/x/cc-fu/skeletal-animation.
debug: Resolve cce:/internal/x/cc-fu/spine from cce:/internal/x/cc as external dependency cce:/internal/x/cc-fu/spine.
debug: Resolve cce:/internal/x/cc-fu/tiled-map from cce:/internal/x/cc as external dependency cce:/internal/x/cc-fu/tiled-map.
debug: Resolve cce:/internal/x/cc-fu/tween from cce:/internal/x/cc as external dependency cce:/internal/x/cc-fu/tween.
debug: Resolve cce:/internal/x/cc-fu/ui from cce:/internal/x/cc as external dependency cce:/internal/x/cc-fu/ui.
debug: Resolve cce:/internal/x/cc-fu/video from cce:/internal/x/cc as external dependency cce:/internal/x/cc-fu/video.
debug: Resolve cce:/internal/x/cc-fu/webview from cce:/internal/x/cc as external dependency cce:/internal/x/cc-fu/webview.
debug: Detected change: cce:/internal/x/prerequisite-imports. Last mtime: Thu Jan 01 1970 02:00:07 GMT+0200 (GMT+03:00), Current mtime: Thu Jan 01 1970 02:00:08 GMT+0200 (GMT+03:00)
debug: Inspect cce:/internal/x/prerequisite-imports
debug: Resolve file:///C:/Users/maide/OneDrive/Documents/GitHub/match3-v100/assets/Scripts/Effects/EffectManager.ts from cce:/internal/x/prerequisite-imports as file:///C:/Users/maide/OneDrive/Documents/GitHub/match3-v100/assets/Scripts/Effects/EffectManager.ts.
debug: Inspect file:///C:/Users/maide/OneDrive/Documents/GitHub/match3-v100/assets/Scripts/Effects/EffectManager.ts
debug: Resolve cce:/internal/code-quality/cr.mjs from file:///C:/Users/maide/OneDrive/Documents/GitHub/match3-v100/assets/Scripts/Effects/EffectManager.ts as cce:/internal/code-quality/cr.mjs.
debug: Detected change: cce:/internal/code-quality/cr.mjs. Last mtime: Mon Aug 19 2024 23:58:38 GMT+0300 (GMT+03:00), Current mtime: Tue Aug 20 2024 00:01:15 GMT+0300 (GMT+03:00)
debug: Inspect cce:/internal/code-quality/cr.mjs
debug: Resolve cc from file:///C:/Users/maide/OneDrive/Documents/GitHub/match3-v100/assets/Scripts/Effects/EffectManager.ts as cce:/internal/x/cc.
debug: Resolve cc from file:///C:/Users/maide/OneDrive/Documents/GitHub/match3-v100/assets/Scripts/Effects/EffectManager.ts as cce:/internal/x/cc.
debug: Resolve cc from file:///C:/Users/maide/OneDrive/Documents/GitHub/match3-v100/assets/Scripts/Effects/EffectManager.ts as cce:/internal/x/cc.
debug: Resolve ../Promises from file:///C:/Users/maide/OneDrive/Documents/GitHub/match3-v100/assets/Scripts/Effects/EffectManager.ts as file:///C:/Users/maide/OneDrive/Documents/GitHub/match3-v100/assets/Scripts/Promises.ts.
debug: Inspect file:///C:/Users/maide/OneDrive/Documents/GitHub/match3-v100/assets/Scripts/Promises.ts
debug: Resolve cc from file:///C:/Users/maide/OneDrive/Documents/GitHub/match3-v100/assets/Scripts/Promises.ts as cce:/internal/x/cc.
debug: Resolve file:///C:/Users/maide/OneDrive/Documents/GitHub/match3-v100/assets/Scripts/GameGlobal.ts from cce:/internal/x/prerequisite-imports as file:///C:/Users/maide/OneDrive/Documents/GitHub/match3-v100/assets/Scripts/GameGlobal.ts.
debug: Inspect file:///C:/Users/maide/OneDrive/Documents/GitHub/match3-v100/assets/Scripts/GameGlobal.ts
debug: Resolve cc from file:///C:/Users/maide/OneDrive/Documents/GitHub/match3-v100/assets/Scripts/GameGlobal.ts as cce:/internal/x/cc.
debug: Resolve cc from file:///C:/Users/maide/OneDrive/Documents/GitHub/match3-v100/assets/Scripts/GameGlobal.ts as cce:/internal/x/cc.
debug: Resolve cc from file:///C:/Users/maide/OneDrive/Documents/GitHub/match3-v100/assets/Scripts/GameGlobal.ts as cce:/internal/x/cc.
debug: Resolve file:///C:/Users/maide/OneDrive/Documents/GitHub/match3-v100/assets/Scripts/GameManager.ts from cce:/internal/x/prerequisite-imports as file:///C:/Users/maide/OneDrive/Documents/GitHub/match3-v100/assets/Scripts/GameManager.ts.
debug: Inspect file:///C:/Users/maide/OneDrive/Documents/GitHub/match3-v100/assets/Scripts/GameManager.ts
debug: Resolve cc from file:///C:/Users/maide/OneDrive/Documents/GitHub/match3-v100/assets/Scripts/GameManager.ts as cce:/internal/x/cc.
debug: Resolve cc from file:///C:/Users/maide/OneDrive/Documents/GitHub/match3-v100/assets/Scripts/GameManager.ts as cce:/internal/x/cc.
debug: Resolve cc from file:///C:/Users/maide/OneDrive/Documents/GitHub/match3-v100/assets/Scripts/GameManager.ts as cce:/internal/x/cc.
debug: Resolve file:///C:/Users/maide/OneDrive/Documents/GitHub/match3-v100/assets/Scripts/Grid/GridGenerator.ts from cce:/internal/x/prerequisite-imports as file:///C:/Users/maide/OneDrive/Documents/GitHub/match3-v100/assets/Scripts/Grid/GridGenerator.ts.
debug: Inspect file:///C:/Users/maide/OneDrive/Documents/GitHub/match3-v100/assets/Scripts/Grid/GridGenerator.ts
debug: Resolve cce:/internal/code-quality/cr.mjs from file:///C:/Users/maide/OneDrive/Documents/GitHub/match3-v100/assets/Scripts/Grid/GridGenerator.ts as cce:/internal/code-quality/cr.mjs.
debug: Resolve cc from file:///C:/Users/maide/OneDrive/Documents/GitHub/match3-v100/assets/Scripts/Grid/GridGenerator.ts as cce:/internal/x/cc.
debug: Resolve cc from file:///C:/Users/maide/OneDrive/Documents/GitHub/match3-v100/assets/Scripts/Grid/GridGenerator.ts as cce:/internal/x/cc.
debug: Resolve cc from file:///C:/Users/maide/OneDrive/Documents/GitHub/match3-v100/assets/Scripts/Grid/GridGenerator.ts as cce:/internal/x/cc.
debug: Resolve ../Poolable/PiecesPool from file:///C:/Users/maide/OneDrive/Documents/GitHub/match3-v100/assets/Scripts/Grid/GridGenerator.ts as file:///C:/Users/maide/OneDrive/Documents/GitHub/match3-v100/assets/Scripts/Poolable/PiecesPool.ts.
debug: Inspect file:///C:/Users/maide/OneDrive/Documents/GitHub/match3-v100/assets/Scripts/Poolable/PiecesPool.ts
debug: Resolve cce:/internal/code-quality/cr.mjs from file:///C:/Users/maide/OneDrive/Documents/GitHub/match3-v100/assets/Scripts/Poolable/PiecesPool.ts as cce:/internal/code-quality/cr.mjs.
debug: Resolve cc from file:///C:/Users/maide/OneDrive/Documents/GitHub/match3-v100/assets/Scripts/Poolable/PiecesPool.ts as cce:/internal/x/cc.
debug: Resolve cc from file:///C:/Users/maide/OneDrive/Documents/GitHub/match3-v100/assets/Scripts/Poolable/PiecesPool.ts as cce:/internal/x/cc.
debug: Resolve cc from file:///C:/Users/maide/OneDrive/Documents/GitHub/match3-v100/assets/Scripts/Poolable/PiecesPool.ts as cce:/internal/x/cc.
debug: Resolve ../../SooLib/Optimization/Poolable from file:///C:/Users/maide/OneDrive/Documents/GitHub/match3-v100/assets/Scripts/Poolable/PiecesPool.ts as file:///C:/Users/maide/OneDrive/Documents/GitHub/match3-v100/assets/SooLib/Optimization/Poolable.ts.
debug: Inspect file:///C:/Users/maide/OneDrive/Documents/GitHub/match3-v100/assets/SooLib/Optimization/Poolable.ts
debug: Resolve cce:/internal/code-quality/cr.mjs from file:///C:/Users/maide/OneDrive/Documents/GitHub/match3-v100/assets/SooLib/Optimization/Poolable.ts as cce:/internal/code-quality/cr.mjs.
debug: Resolve cc from file:///C:/Users/maide/OneDrive/Documents/GitHub/match3-v100/assets/SooLib/Optimization/Poolable.ts as cce:/internal/x/cc.
debug: Resolve cc from file:///C:/Users/maide/OneDrive/Documents/GitHub/match3-v100/assets/SooLib/Optimization/Poolable.ts as cce:/internal/x/cc.
debug: Resolve cc from file:///C:/Users/maide/OneDrive/Documents/GitHub/match3-v100/assets/SooLib/Optimization/Poolable.ts as cce:/internal/x/cc.
debug: Resolve ./ObjectPooling from file:///C:/Users/maide/OneDrive/Documents/GitHub/match3-v100/assets/SooLib/Optimization/Poolable.ts as file:///C:/Users/maide/OneDrive/Documents/GitHub/match3-v100/assets/SooLib/Optimization/ObjectPooling.ts.
debug: Inspect file:///C:/Users/maide/OneDrive/Documents/GitHub/match3-v100/assets/SooLib/Optimization/ObjectPooling.ts
debug: Resolve cc from file:///C:/Users/maide/OneDrive/Documents/GitHub/match3-v100/assets/SooLib/Optimization/ObjectPooling.ts as cce:/internal/x/cc.
debug: Resolve cc from file:///C:/Users/maide/OneDrive/Documents/GitHub/match3-v100/assets/SooLib/Optimization/ObjectPooling.ts as cce:/internal/x/cc.
debug: Resolve ../PoolHelper from file:///C:/Users/maide/OneDrive/Documents/GitHub/match3-v100/assets/Scripts/Poolable/PiecesPool.ts as file:///C:/Users/maide/OneDrive/Documents/GitHub/match3-v100/assets/Scripts/PoolHelper.ts.
debug: Inspect file:///C:/Users/maide/OneDrive/Documents/GitHub/match3-v100/assets/Scripts/PoolHelper.ts
debug: Resolve cce:/internal/code-quality/cr.mjs from file:///C:/Users/maide/OneDrive/Documents/GitHub/match3-v100/assets/Scripts/PoolHelper.ts as cce:/internal/code-quality/cr.mjs.
debug: Resolve cc from file:///C:/Users/maide/OneDrive/Documents/GitHub/match3-v100/assets/Scripts/PoolHelper.ts as cce:/internal/x/cc.
debug: Resolve cc from file:///C:/Users/maide/OneDrive/Documents/GitHub/match3-v100/assets/Scripts/PoolHelper.ts as cce:/internal/x/cc.
debug: Resolve ../Effects/EffectManager from file:///C:/Users/maide/OneDrive/Documents/GitHub/match3-v100/assets/Scripts/Grid/GridGenerator.ts as file:///C:/Users/maide/OneDrive/Documents/GitHub/match3-v100/assets/Scripts/Effects/EffectManager.ts.
debug: Resolve ../Interaction/InteractionManager from file:///C:/Users/maide/OneDrive/Documents/GitHub/match3-v100/assets/Scripts/Grid/GridGenerator.ts as file:///C:/Users/maide/OneDrive/Documents/GitHub/match3-v100/assets/Scripts/Interaction/InteractionManager.ts.
debug: Inspect file:///C:/Users/maide/OneDrive/Documents/GitHub/match3-v100/assets/Scripts/Interaction/InteractionManager.ts
debug: Resolve cce:/internal/code-quality/cr.mjs from file:///C:/Users/maide/OneDrive/Documents/GitHub/match3-v100/assets/Scripts/Interaction/InteractionManager.ts as cce:/internal/code-quality/cr.mjs.
debug: Resolve cc from file:///C:/Users/maide/OneDrive/Documents/GitHub/match3-v100/assets/Scripts/Interaction/InteractionManager.ts as cce:/internal/x/cc.
debug: Resolve cc from file:///C:/Users/maide/OneDrive/Documents/GitHub/match3-v100/assets/Scripts/Interaction/InteractionManager.ts as cce:/internal/x/cc.
debug: Resolve cc from file:///C:/Users/maide/OneDrive/Documents/GitHub/match3-v100/assets/Scripts/Interaction/InteractionManager.ts as cce:/internal/x/cc.
debug: Resolve ../Grid/MatchChecker from file:///C:/Users/maide/OneDrive/Documents/GitHub/match3-v100/assets/Scripts/Interaction/InteractionManager.ts as file:///C:/Users/maide/OneDrive/Documents/GitHub/match3-v100/assets/Scripts/Grid/MatchChecker.ts.
debug: Inspect file:///C:/Users/maide/OneDrive/Documents/GitHub/match3-v100/assets/Scripts/Grid/MatchChecker.ts
debug: Resolve cce:/internal/code-quality/cr.mjs from file:///C:/Users/maide/OneDrive/Documents/GitHub/match3-v100/assets/Scripts/Grid/MatchChecker.ts as cce:/internal/code-quality/cr.mjs.
debug: Resolve cc from file:///C:/Users/maide/OneDrive/Documents/GitHub/match3-v100/assets/Scripts/Grid/MatchChecker.ts as cce:/internal/x/cc.
debug: Resolve cc from file:///C:/Users/maide/OneDrive/Documents/GitHub/match3-v100/assets/Scripts/Grid/MatchChecker.ts as cce:/internal/x/cc.
debug: Resolve cc from file:///C:/Users/maide/OneDrive/Documents/GitHub/match3-v100/assets/Scripts/Grid/MatchChecker.ts as cce:/internal/x/cc.
debug: Resolve ../Effects/EffectManager from file:///C:/Users/maide/OneDrive/Documents/GitHub/match3-v100/assets/Scripts/Grid/MatchChecker.ts as file:///C:/Users/maide/OneDrive/Documents/GitHub/match3-v100/assets/Scripts/Effects/EffectManager.ts.
debug: Resolve ../PoolHelper from file:///C:/Users/maide/OneDrive/Documents/GitHub/match3-v100/assets/Scripts/Grid/MatchChecker.ts as file:///C:/Users/maide/OneDrive/Documents/GitHub/match3-v100/assets/Scripts/PoolHelper.ts.
debug: Resolve ../Poolable/PiecesPool from file:///C:/Users/maide/OneDrive/Documents/GitHub/match3-v100/assets/Scripts/Grid/MatchChecker.ts as file:///C:/Users/maide/OneDrive/Documents/GitHub/match3-v100/assets/Scripts/Poolable/PiecesPool.ts.
debug: Resolve ../Effects/EffectManager from file:///C:/Users/maide/OneDrive/Documents/GitHub/match3-v100/assets/Scripts/Interaction/InteractionManager.ts as file:///C:/Users/maide/OneDrive/Documents/GitHub/match3-v100/assets/Scripts/Effects/EffectManager.ts.
debug: Resolve file:///C:/Users/maide/OneDrive/Documents/GitHub/match3-v100/assets/Scripts/Grid/MatchChecker.ts from cce:/internal/x/prerequisite-imports as file:///C:/Users/maide/OneDrive/Documents/GitHub/match3-v100/assets/Scripts/Grid/MatchChecker.ts.
debug: Resolve file:///C:/Users/maide/OneDrive/Documents/GitHub/match3-v100/assets/Scripts/InGameAssets.ts from cce:/internal/x/prerequisite-imports as file:///C:/Users/maide/OneDrive/Documents/GitHub/match3-v100/assets/Scripts/InGameAssets.ts.
debug: Inspect file:///C:/Users/maide/OneDrive/Documents/GitHub/match3-v100/assets/Scripts/InGameAssets.ts
debug: Resolve cc from file:///C:/Users/maide/OneDrive/Documents/GitHub/match3-v100/assets/Scripts/InGameAssets.ts as cce:/internal/x/cc.
debug: Resolve cc from file:///C:/Users/maide/OneDrive/Documents/GitHub/match3-v100/assets/Scripts/InGameAssets.ts as cce:/internal/x/cc.
debug: Resolve cc from file:///C:/Users/maide/OneDrive/Documents/GitHub/match3-v100/assets/Scripts/InGameAssets.ts as cce:/internal/x/cc.
debug: Resolve file:///C:/Users/maide/OneDrive/Documents/GitHub/match3-v100/assets/Scripts/Interaction/InteractionManager.ts from cce:/internal/x/prerequisite-imports as file:///C:/Users/maide/OneDrive/Documents/GitHub/match3-v100/assets/Scripts/Interaction/InteractionManager.ts.
debug: Resolve file:///C:/Users/maide/OneDrive/Documents/GitHub/match3-v100/assets/Scripts/Levels/EasyLevels.ts from cce:/internal/x/prerequisite-imports as file:///C:/Users/maide/OneDrive/Documents/GitHub/match3-v100/assets/Scripts/Levels/EasyLevels.ts.
debug: Inspect file:///C:/Users/maide/OneDrive/Documents/GitHub/match3-v100/assets/Scripts/Levels/EasyLevels.ts
debug: Resolve cce:/internal/code-quality/cr.mjs from file:///C:/Users/maide/OneDrive/Documents/GitHub/match3-v100/assets/Scripts/Levels/EasyLevels.ts as cce:/internal/code-quality/cr.mjs.
debug: Resolve cc from file:///C:/Users/maide/OneDrive/Documents/GitHub/match3-v100/assets/Scripts/Levels/EasyLevels.ts as cce:/internal/x/cc.
debug: Resolve cc from file:///C:/Users/maide/OneDrive/Documents/GitHub/match3-v100/assets/Scripts/Levels/EasyLevels.ts as cce:/internal/x/cc.
debug: Resolve cc from file:///C:/Users/maide/OneDrive/Documents/GitHub/match3-v100/assets/Scripts/Levels/EasyLevels.ts as cce:/internal/x/cc.
debug: Resolve file:///C:/Users/maide/OneDrive/Documents/GitHub/match3-v100/assets/Scripts/Levels/LevelData.ts from cce:/internal/x/prerequisite-imports as file:///C:/Users/maide/OneDrive/Documents/GitHub/match3-v100/assets/Scripts/Levels/LevelData.ts.
debug: Inspect file:///C:/Users/maide/OneDrive/Documents/GitHub/match3-v100/assets/Scripts/Levels/LevelData.ts
debug: Resolve cc from file:///C:/Users/maide/OneDrive/Documents/GitHub/match3-v100/assets/Scripts/Levels/LevelData.ts as cce:/internal/x/cc.
debug: Resolve file:///C:/Users/maide/OneDrive/Documents/GitHub/match3-v100/assets/Scripts/PoolHelper.ts from cce:/internal/x/prerequisite-imports as file:///C:/Users/maide/OneDrive/Documents/GitHub/match3-v100/assets/Scripts/PoolHelper.ts.
debug: Resolve file:///C:/Users/maide/OneDrive/Documents/GitHub/match3-v100/assets/Scripts/Poolable/CandyPool.ts from cce:/internal/x/prerequisite-imports as file:///C:/Users/maide/OneDrive/Documents/GitHub/match3-v100/assets/Scripts/Poolable/CandyPool.ts.
debug: Inspect file:///C:/Users/maide/OneDrive/Documents/GitHub/match3-v100/assets/Scripts/Poolable/CandyPool.ts
debug: Resolve cce:/internal/code-quality/cr.mjs from file:///C:/Users/maide/OneDrive/Documents/GitHub/match3-v100/assets/Scripts/Poolable/CandyPool.ts as cce:/internal/code-quality/cr.mjs.
debug: Resolve cc from file:///C:/Users/maide/OneDrive/Documents/GitHub/match3-v100/assets/Scripts/Poolable/CandyPool.ts as cce:/internal/x/cc.
debug: Resolve cc from file:///C:/Users/maide/OneDrive/Documents/GitHub/match3-v100/assets/Scripts/Poolable/CandyPool.ts as cce:/internal/x/cc.
debug: Resolve cc from file:///C:/Users/maide/OneDrive/Documents/GitHub/match3-v100/assets/Scripts/Poolable/CandyPool.ts as cce:/internal/x/cc.
debug: Resolve ../../SooLib/Optimization/Poolable from file:///C:/Users/maide/OneDrive/Documents/GitHub/match3-v100/assets/Scripts/Poolable/CandyPool.ts as file:///C:/Users/maide/OneDrive/Documents/GitHub/match3-v100/assets/SooLib/Optimization/Poolable.ts.
debug: Resolve file:///C:/Users/maide/OneDrive/Documents/GitHub/match3-v100/assets/Scripts/Poolable/PiecesPool.ts from cce:/internal/x/prerequisite-imports as file:///C:/Users/maide/OneDrive/Documents/GitHub/match3-v100/assets/Scripts/Poolable/PiecesPool.ts.
debug: Resolve file:///C:/Users/maide/OneDrive/Documents/GitHub/match3-v100/assets/Scripts/Promises.ts from cce:/internal/x/prerequisite-imports as file:///C:/Users/maide/OneDrive/Documents/GitHub/match3-v100/assets/Scripts/Promises.ts.
debug: Resolve file:///C:/Users/maide/OneDrive/Documents/GitHub/match3-v100/assets/SooLib/Optimization/ObjectPooling.ts from cce:/internal/x/prerequisite-imports as file:///C:/Users/maide/OneDrive/Documents/GitHub/match3-v100/assets/SooLib/Optimization/ObjectPooling.ts.
debug: Resolve file:///C:/Users/maide/OneDrive/Documents/GitHub/match3-v100/assets/SooLib/Optimization/Poolable.ts from cce:/internal/x/prerequisite-imports as file:///C:/Users/maide/OneDrive/Documents/GitHub/match3-v100/assets/SooLib/Optimization/Poolable.ts.
debug: Target(preview) ends with cost 775.8754999637604ms.
debug: Pulling asset-db.
debug: Fetch asset-db cost: 30.775600016117096ms.
debug: Build iteration starts.
Number of accumulated asset changes: 15
Feature changed: false
debug: Target(editor) build started.
debug: Detected change: cce:/internal/x/prerequisite-imports. Last mtime: Thu Jan 01 1970 02:00:07 GMT+0200 (GMT+03:00), Current mtime: Thu Jan 01 1970 02:00:10 GMT+0200 (GMT+03:00)
debug: Inspect cce:/internal/x/prerequisite-imports
debug: Resolve file:///C:/Users/maide/OneDrive/Documents/GitHub/match3-v100/assets/Scripts/Effects/EffectManager.ts from cce:/internal/x/prerequisite-imports as file:///C:/Users/maide/OneDrive/Documents/GitHub/match3-v100/assets/Scripts/Effects/EffectManager.ts.
debug: Resolve file:///C:/Users/maide/OneDrive/Documents/GitHub/match3-v100/assets/Scripts/GameGlobal.ts from cce:/internal/x/prerequisite-imports as file:///C:/Users/maide/OneDrive/Documents/GitHub/match3-v100/assets/Scripts/GameGlobal.ts.
debug: Resolve file:///C:/Users/maide/OneDrive/Documents/GitHub/match3-v100/assets/Scripts/GameManager.ts from cce:/internal/x/prerequisite-imports as file:///C:/Users/maide/OneDrive/Documents/GitHub/match3-v100/assets/Scripts/GameManager.ts.
debug: Resolve file:///C:/Users/maide/OneDrive/Documents/GitHub/match3-v100/assets/Scripts/Grid/GridGenerator.ts from cce:/internal/x/prerequisite-imports as file:///C:/Users/maide/OneDrive/Documents/GitHub/match3-v100/assets/Scripts/Grid/GridGenerator.ts.
debug: Resolve file:///C:/Users/maide/OneDrive/Documents/GitHub/match3-v100/assets/Scripts/Grid/MatchChecker.ts from cce:/internal/x/prerequisite-imports as file:///C:/Users/maide/OneDrive/Documents/GitHub/match3-v100/assets/Scripts/Grid/MatchChecker.ts.
debug: Resolve file:///C:/Users/maide/OneDrive/Documents/GitHub/match3-v100/assets/Scripts/InGameAssets.ts from cce:/internal/x/prerequisite-imports as file:///C:/Users/maide/OneDrive/Documents/GitHub/match3-v100/assets/Scripts/InGameAssets.ts.
debug: Resolve file:///C:/Users/maide/OneDrive/Documents/GitHub/match3-v100/assets/Scripts/Interaction/InteractionManager.ts from cce:/internal/x/prerequisite-imports as file:///C:/Users/maide/OneDrive/Documents/GitHub/match3-v100/assets/Scripts/Interaction/InteractionManager.ts.
debug: Resolve file:///C:/Users/maide/OneDrive/Documents/GitHub/match3-v100/assets/Scripts/Levels/EasyLevels.ts from cce:/internal/x/prerequisite-imports as file:///C:/Users/maide/OneDrive/Documents/GitHub/match3-v100/assets/Scripts/Levels/EasyLevels.ts.
debug: Resolve file:///C:/Users/maide/OneDrive/Documents/GitHub/match3-v100/assets/Scripts/Levels/LevelData.ts from cce:/internal/x/prerequisite-imports as file:///C:/Users/maide/OneDrive/Documents/GitHub/match3-v100/assets/Scripts/Levels/LevelData.ts.
debug: Resolve file:///C:/Users/maide/OneDrive/Documents/GitHub/match3-v100/assets/Scripts/PoolHelper.ts from cce:/internal/x/prerequisite-imports as file:///C:/Users/maide/OneDrive/Documents/GitHub/match3-v100/assets/Scripts/PoolHelper.ts.
debug: Resolve file:///C:/Users/maide/OneDrive/Documents/GitHub/match3-v100/assets/Scripts/Poolable/CandyPool.ts from cce:/internal/x/prerequisite-imports as file:///C:/Users/maide/OneDrive/Documents/GitHub/match3-v100/assets/Scripts/Poolable/CandyPool.ts.
debug: Resolve file:///C:/Users/maide/OneDrive/Documents/GitHub/match3-v100/assets/Scripts/Poolable/PiecesPool.ts from cce:/internal/x/prerequisite-imports as file:///C:/Users/maide/OneDrive/Documents/GitHub/match3-v100/assets/Scripts/Poolable/PiecesPool.ts.
debug: Resolve file:///C:/Users/maide/OneDrive/Documents/GitHub/match3-v100/assets/Scripts/Promises.ts from cce:/internal/x/prerequisite-imports as file:///C:/Users/maide/OneDrive/Documents/GitHub/match3-v100/assets/Scripts/Promises.ts.
debug: Resolve file:///C:/Users/maide/OneDrive/Documents/GitHub/match3-v100/assets/SooLib/Optimization/ObjectPooling.ts from cce:/internal/x/prerequisite-imports as file:///C:/Users/maide/OneDrive/Documents/GitHub/match3-v100/assets/SooLib/Optimization/ObjectPooling.ts.
debug: Resolve file:///C:/Users/maide/OneDrive/Documents/GitHub/match3-v100/assets/SooLib/Optimization/Poolable.ts from cce:/internal/x/prerequisite-imports as file:///C:/Users/maide/OneDrive/Documents/GitHub/match3-v100/assets/SooLib/Optimization/Poolable.ts.
debug: Target(editor) ends with cost 44.71789997816086ms.
debug: Target(preview) build started.
debug: Detected change: cce:/internal/x/prerequisite-imports. Last mtime: Thu Jan 01 1970 02:00:08 GMT+0200 (GMT+03:00), Current mtime: Thu Jan 01 1970 02:00:10 GMT+0200 (GMT+03:00)
debug: Inspect cce:/internal/x/prerequisite-imports
debug: Resolve file:///C:/Users/maide/OneDrive/Documents/GitHub/match3-v100/assets/Scripts/Effects/EffectManager.ts from cce:/internal/x/prerequisite-imports as file:///C:/Users/maide/OneDrive/Documents/GitHub/match3-v100/assets/Scripts/Effects/EffectManager.ts.
debug: Resolve file:///C:/Users/maide/OneDrive/Documents/GitHub/match3-v100/assets/Scripts/GameGlobal.ts from cce:/internal/x/prerequisite-imports as file:///C:/Users/maide/OneDrive/Documents/GitHub/match3-v100/assets/Scripts/GameGlobal.ts.
debug: Resolve file:///C:/Users/maide/OneDrive/Documents/GitHub/match3-v100/assets/Scripts/GameManager.ts from cce:/internal/x/prerequisite-imports as file:///C:/Users/maide/OneDrive/Documents/GitHub/match3-v100/assets/Scripts/GameManager.ts.
debug: Resolve file:///C:/Users/maide/OneDrive/Documents/GitHub/match3-v100/assets/Scripts/Grid/GridGenerator.ts from cce:/internal/x/prerequisite-imports as file:///C:/Users/maide/OneDrive/Documents/GitHub/match3-v100/assets/Scripts/Grid/GridGenerator.ts.
debug: Resolve file:///C:/Users/maide/OneDrive/Documents/GitHub/match3-v100/assets/Scripts/Grid/MatchChecker.ts from cce:/internal/x/prerequisite-imports as file:///C:/Users/maide/OneDrive/Documents/GitHub/match3-v100/assets/Scripts/Grid/MatchChecker.ts.
debug: Resolve file:///C:/Users/maide/OneDrive/Documents/GitHub/match3-v100/assets/Scripts/InGameAssets.ts from cce:/internal/x/prerequisite-imports as file:///C:/Users/maide/OneDrive/Documents/GitHub/match3-v100/assets/Scripts/InGameAssets.ts.
debug: Resolve file:///C:/Users/maide/OneDrive/Documents/GitHub/match3-v100/assets/Scripts/Interaction/InteractionManager.ts from cce:/internal/x/prerequisite-imports as file:///C:/Users/maide/OneDrive/Documents/GitHub/match3-v100/assets/Scripts/Interaction/InteractionManager.ts.
debug: Resolve file:///C:/Users/maide/OneDrive/Documents/GitHub/match3-v100/assets/Scripts/Levels/EasyLevels.ts from cce:/internal/x/prerequisite-imports as file:///C:/Users/maide/OneDrive/Documents/GitHub/match3-v100/assets/Scripts/Levels/EasyLevels.ts.
debug: Resolve file:///C:/Users/maide/OneDrive/Documents/GitHub/match3-v100/assets/Scripts/Levels/LevelData.ts from cce:/internal/x/prerequisite-imports as file:///C:/Users/maide/OneDrive/Documents/GitHub/match3-v100/assets/Scripts/Levels/LevelData.ts.
debug: Resolve file:///C:/Users/maide/OneDrive/Documents/GitHub/match3-v100/assets/Scripts/PoolHelper.ts from cce:/internal/x/prerequisite-imports as file:///C:/Users/maide/OneDrive/Documents/GitHub/match3-v100/assets/Scripts/PoolHelper.ts.
debug: Resolve file:///C:/Users/maide/OneDrive/Documents/GitHub/match3-v100/assets/Scripts/Poolable/CandyPool.ts from cce:/internal/x/prerequisite-imports as file:///C:/Users/maide/OneDrive/Documents/GitHub/match3-v100/assets/Scripts/Poolable/CandyPool.ts.
debug: Resolve file:///C:/Users/maide/OneDrive/Documents/GitHub/match3-v100/assets/Scripts/Poolable/PiecesPool.ts from cce:/internal/x/prerequisite-imports as file:///C:/Users/maide/OneDrive/Documents/GitHub/match3-v100/assets/Scripts/Poolable/PiecesPool.ts.
debug: Resolve file:///C:/Users/maide/OneDrive/Documents/GitHub/match3-v100/assets/Scripts/Promises.ts from cce:/internal/x/prerequisite-imports as file:///C:/Users/maide/OneDrive/Documents/GitHub/match3-v100/assets/Scripts/Promises.ts.
debug: Resolve file:///C:/Users/maide/OneDrive/Documents/GitHub/match3-v100/assets/SooLib/Optimization/ObjectPooling.ts from cce:/internal/x/prerequisite-imports as file:///C:/Users/maide/OneDrive/Documents/GitHub/match3-v100/assets/SooLib/Optimization/ObjectPooling.ts.
debug: Resolve file:///C:/Users/maide/OneDrive/Documents/GitHub/match3-v100/assets/SooLib/Optimization/Poolable.ts from cce:/internal/x/prerequisite-imports as file:///C:/Users/maide/OneDrive/Documents/GitHub/match3-v100/assets/SooLib/Optimization/Poolable.ts.
debug: Target(preview) ends with cost 37.61769998073578ms.
